C51 COMPILER V9.60.0.0   Z_GPIO                                                            07/09/2022 18:24:18 PAGE 1   


C51 COMPILER V9.60.0.0, COMPILATION OF MODULE Z_GPIO
OBJECT MODULE PLACED IN .\obj\z_gpio.obj
COMPILER INVOKED BY: C:\Keil_v5\C51\BIN\C51.EXE src\z_gpio.c LARGE OPTIMIZE(8,SPEED) BROWSE ORDER INCDIR(.\src) DEBUG OB
                    -JECTEXTEND PRINT(.\lst\z_gpio.lst) TABS(2) OBJECT(.\obj\z_gpio.obj)

line level    source

   1          #include "z_gpio.h"
   2          
   3          
   4          void io_init(void) {
   5   1      
   6   1        P0M1=0x00;                 
   7   1        P0M0=0x00;
   8   1      
   9   1        P1M1=0x00;                 
  10   1        P1M0=0x00;
  11   1      
  12   1        P2M1=0x00;
  13   1        P2M0=0x7F;
  14   1                      
  15   1        P3M1=0x00;
  16   1        P3M0=0x00;  
  17   1      
  18   1        P4M1=0x00;                
  19   1        P4M0=0x00;
  20   1      
  21   1        P5M1=0x00;               
  22   1        P5M0=0x00;
  23   1      }
  24          
  25          
  26          void dj_io_init(void) {
  27   1        dj0 = 0;
  28   1        dj1 = 0;
  29   1        dj2 = 0;
  30   1        dj3 = 0;
  31   1        dj4 = 0;
  32   1        dj5 = 0;
  33   1      }
  34          
  35          void dj_io_set(u8 index, u8 level) {
  36   1        switch(index) {
  37   2          case 0:dj0 = level;break;
  38   2          case 1:dj1 = level;break;
  39   2          case 2:dj2 = level;break;
  40   2          case 3:dj3 = level;break;
  41   2          case 4:dj4 = level;break;
  42   2          case 5:dj5 = level;break;
  43   2          default:break;
  44   2        }
  45   1      }
  46          
  47          void beep_on_times(int times, int delay) {
  48   1        int i;
  49   1        for(i=0;i<times;i++) {
  50   2          beep_on();
  51   2          mdelay(delay);
  52   2          beep_off();
  53   2          mdelay(delay);
  54   2        }
C51 COMPILER V9.60.0.0   Z_GPIO                                                            07/09/2022 18:24:18 PAGE 2   

  55   1      }


MODULE INFORMATION:   STATIC OVERLAYABLE
   CODE SIZE        =    185    ----
   CONSTANT SIZE    =   ----    ----
   XDATA SIZE       =   ----       6
   PDATA SIZE       =   ----    ----
   DATA SIZE        =   ----    ----
   IDATA SIZE       =   ----    ----
   BIT SIZE         =   ----    ----
END OF MODULE INFORMATION.


C51 COMPILATION COMPLETE.  0 WARNING(S),  0 ERROR(S)
