C51 COMPILER V9.01   Z_OLED                                                                06/10/2020 17:14:45 PAGE 1   


C51 COMPILER V9.01, COMPILATION OF MODULE Z_OLED
OBJECT MODULE PLACED IN .\obj\z_oled.obj
COMPILER INVOKED BY: C:\Keil\C51\BIN\C51.EXE src\z_oled.c LARGE BROWSE ORDER INCDIR(.\src) DEBUG OBJECTEXTEND PRINT(.\ls
                    -t\z_oled.lst) OBJECT(.\obj\z_oled.obj)

line level    source

   1          /****************************************************************************
   2                  *       @ç¬”è€… ï¼š     W
   3                  *       @æ—¥æœŸ ï¼š     2019å¹´12æœˆ02æ—¥
   4                  *       @æ‰€å± ï¼š     æ­å·ä¼—çµç§‘æŠ€
   5                  *       @è®ºå› ï¼š     www.ZL-robot.com
   6                  *       @åŠŸèƒ½ ï¼š     å­˜æ”¾OLEDç›¸å…³çš„å‡½æ•°
   7                  *       @å‡½æ•°åˆ—è¡¨ï¼š
   8                  *       1.      void I2C_Start() -- å¼€å¯I2Cæ€»çº¿
   9                  *       2.      void I2C_Stop() -- å…³é—­I2Cæ€»çº¿
  10                  *       3.      void I2C_WriteByte(unsigned char I2C_Byte) -- é€šè¿‡I2Cæ€»çº¿å†™ä¸€ä¸ªbyteçš„æ•°æ®
  11                  *       4.      void OLED_Write_Dat(unsigned char I2C_Data) -- å‘OLEDå±å†™æ•°æ®
  12                  *       5.      void OLED_Write_Cmd(unsigned char I2C_Command) -- å‘OLEDå±å†™å‘½ä»¤
  13                  *       6.      void OLED_ON(void) -- OLEDå¼€å¯
  14                  *       7.      void OLED_OFF(void) -- OLEDå…³é—­
  15                  *       8.      void OLED_Set_Pos(unsigned char x, unsigned char y) -- è®¾ç½®æ˜¾ç¤ºåæ ‡
  16                  *       9.      void OLED_Fill(unsigned char fill_Data) -- å…¨å±æ˜¾ç¤º(æ˜¾ç¤ºBMPå›¾ç‰‡æ—¶æ‰ä¼šç”¨åˆ°æ­¤åŠŸèƒ½)
  17                  *       10.     void OLED_CLS(void) -- å¤ä½/æ¸…å±
  18                  *       11.     void OLED_Init(void) -- OLEDå±åˆå§‹åŒ–ç¨‹åºï¼Œæ­¤å‡½æ•°åº”åœ¨æ“ä½œå±å¹•ä¹‹å‰æœ€å…ˆè°ƒç”¨
  19                  *       12.     void OLED_P6x8Str(unsigned char x, y,unsigned char ch[]) -- 6x8ç‚¹æ•´ï¼Œç”¨äºæ˜¾ç¤ºASCIIç çš„æœ€å
             -°é˜µåˆ—ï¼Œä¸å¤ªæ¸…æ™°
  20                  *       13.     void OLED_P8x16Str(unsigned char x, y,unsigned char ch[]) -- 8x16ç‚¹æ•´ï¼Œç”¨äºæ˜¾ç¤ºASCIIç ï¼Œé
             -å¸¸æ¸…æ™°
  21                  *       14.     void OLED_ShowStr(unsigned char x, unsigned char y, unsigned char ch[], unsigned char TextSize) -- 
             -ç”¨äºæ˜¾ç¤ºASCIIç ï¼Œéå¸¸æ¸…æ™°
  22                  *       15.     void OLED_P16x16Ch(unsigned char x, y, N) -- 16x16ç‚¹æ•´ï¼Œç”¨äºæ˜¾ç¤ºæ±‰å­—çš„æœ€å°é˜µåˆ—ï¼Œå¯è
             -®¾ç½®å„ç§å­—ä½“ã€åŠ ç²—ã€å€¾æ–œã€ä¸‹åˆ’çº¿ç­‰
  23                  *       16.     void OLED_DrawBMP(unsigned char x0, y0,x1, y1,unsigned char BMP[]) -- å°†128x64åƒç´ çš„BMPä½å›¾åœ
             -¨å–å­—è½¯ä»¶ä¸­ç®—å‡ºå­—è¡¨ï¼Œç„¶åå¤åˆ¶åˆ°codetabä¸­ï¼Œæ­¤å‡½æ•°è°ƒç”¨å³å¯
  24                  *       17.     void OLED_TEST(void) -- OLEDæµ‹è¯•ç¨‹åº
  25           *****************************************************************************/
  26          
  27          #include "z_oled.h"
  28          #include "z_codetab.h"
  29          
  30          /***********************************************
  31                  å‡½æ•°åç§°ï¼šI2C_Start() 
  32                  åŠŸèƒ½ä»‹ç»ï¼šI2Cå¯åŠ¨
  33                  å‡½æ•°å‚æ•°ï¼šæ— 
  34                  è¿”å›å€¼ï¼š    æ— 
  35           ***********************************************/
  36          void I2C_Start(void) {
  37   1         SCL = 1;
  38   1         SDA = 1;
  39   1         SDA = 0;
  40   1         SCL = 0;
  41   1      }
  42          
  43          /***********************************************
  44                  å‡½æ•°åç§°ï¼šI2C_Stop() 
  45                  åŠŸèƒ½ä»‹ç»ï¼šI2Cåœæ­¢
  46                  å‡½æ•°å‚æ•°ï¼šæ— 
  47                  è¿”å›å€¼ï¼š    æ— 
  48           ***********************************************/
  49          void I2C_Stop(void) {
C51 COMPILER V9.01   Z_OLED                                                                06/10/2020 17:14:45 PAGE 2   

  50   1         SCL = 0;
  51   1         SDA = 0;
  52   1         SCL = 1;
  53   1         SDA = 1;
  54   1      }
  55          
  56          /***********************************************
  57                  å‡½æ•°åç§°ï¼šI2C_WriteByte(I2C_Byte) 
  58                  åŠŸèƒ½ä»‹ç»ï¼šI2Cå†™ä¸€ä¸ªå­—èŠ‚
  59                  å‡½æ•°å‚æ•°ï¼šI2C_Byte å†™å…¥çš„å­—èŠ‚
  60                  è¿”å›å€¼ï¼š    æ— 
  61           ***********************************************/
  62          void I2C_WriteByte(unsigned char I2C_Byte) {
  63   1              unsigned char i;
  64   1              for(i=0;i<8;i++) {
  65   2                      if(I2C_Byte & 0x80)
  66   2                              SDA = 1;
  67   2                      else
  68   2                              SDA = 0;
  69   2                      udelay(2);
  70   2                      SCL = 1;
  71   2                      udelay(2);
  72   2                      SCL = 0;
  73   2                      udelay(2);
  74   2                      I2C_Byte<<=1;
  75   2              }
  76   1              SDA = 1;
  77   1              SCL = 1;
  78   1              SCL = 0;
  79   1      }
  80          
  81          /***********************************************
  82                  å‡½æ•°åç§°ï¼šOLED_Write_Dat(I2C_Data) 
  83                  åŠŸèƒ½ä»‹ç»ï¼šOLEDå†™ä¸€ä¸ªæ•°æ®å­—èŠ‚
  84                  å‡½æ•°å‚æ•°ï¼šI2C_Data å†™å…¥çš„æ•°æ®å­—èŠ‚
  85                  è¿”å›å€¼ï¼š    æ— 
  86           ***********************************************/
  87          void OLED_Write_Dat(unsigned char I2C_Data) {
  88   1              I2C_Start();
  89   1              I2C_WriteByte(0x78);
  90   1              I2C_WriteByte(0x40);
  91   1              I2C_WriteByte(I2C_Data);
  92   1              I2C_Stop();
  93   1      }
  94          
  95          /***********************************************
  96                  å‡½æ•°åç§°ï¼šOLED_Write_Cmd(I2C_Command) 
  97                  åŠŸèƒ½ä»‹ç»ï¼šOLEDå†™ä¸€ä¸ªå‘½ä»¤å­—èŠ‚
  98                  å‡½æ•°å‚æ•°ï¼šI2C_Command å†™å…¥çš„å‘½ä»¤å­—èŠ‚
  99                  è¿”å›å€¼ï¼š    æ— 
 100           ***********************************************/
 101          void OLED_Write_Cmd(unsigned char I2C_Command) {
 102   1              I2C_Start();
 103   1              I2C_WriteByte(0x78);
 104   1              I2C_WriteByte(0x00);
 105   1              I2C_WriteByte(I2C_Command);
 106   1              I2C_Stop();
 107   1      }
 108          
 109          /***********************************************
 110                  å‡½æ•°åç§°ï¼šOLED_ON() 
 111                  åŠŸèƒ½ä»‹ç»ï¼šOLEDå¼€å¯
C51 COMPILER V9.01   Z_OLED                                                                06/10/2020 17:14:45 PAGE 3   

 112                  å‡½æ•°å‚æ•°ï¼šæ— 
 113                  è¿”å›å€¼ï¼š    æ— 
 114           ***********************************************/
 115          void OLED_ON(void)
 116          {
 117   1              OLED_Write_Cmd(0X8D);
 118   1              OLED_Write_Cmd(0X14);
 119   1              OLED_Write_Cmd(0XAF);
 120   1      }
 121          
 122          /***********************************************
 123                  å‡½æ•°åç§°ï¼šOLED_OFF() 
 124                  åŠŸèƒ½ä»‹ç»ï¼šOLEDå…³é—­
 125                  å‡½æ•°å‚æ•°ï¼šæ— 
 126                  è¿”å›å€¼ï¼š    æ— 
 127           ***********************************************/
 128          void OLED_OFF(void)
 129          {
 130   1              OLED_Write_Cmd(0X8D);
 131   1              OLED_Write_Cmd(0X10);
 132   1              OLED_Write_Cmd(0XAE);
 133   1      }
 134          
 135          /***********************************************
 136                  å‡½æ•°åç§°ï¼šOLED_Set_Pos(x,y) 
 137                  åŠŸèƒ½ä»‹ç»ï¼šè®¾ç½®OLEDå†™å…¥åæ ‡
 138                  å‡½æ•°å‚æ•°ï¼šx æ¨ªåæ ‡ y çºµåæ ‡
 139                  è¿”å›å€¼ï¼š    æ— 
 140           ***********************************************/
 141          void OLED_Set_Pos(unsigned char x, unsigned char y) { 
 142   1              OLED_Write_Cmd(0xb0+y);
 143   1              OLED_Write_Cmd(((x&0xf0)>>4)|0x10);
 144   1              OLED_Write_Cmd((x&0x0f)|0x01);
 145   1      } 
 146          
 147          /***********************************************
 148                  å‡½æ•°åç§°ï¼šOLED_Fill(fill_Data) 
 149                  åŠŸèƒ½ä»‹ç»ï¼šOLEDå…¨å±æ˜¾ç¤º
 150                  å‡½æ•°å‚æ•°ï¼šfill_Data å…¨å±æŒ‡ä»¤
 151                  è¿”å›å€¼ï¼š    æ— 
 152           ***********************************************/
 153          void OLED_Fill(unsigned char fill_Data) {
 154   1              unsigned char y,x;
 155   1              for(y=0;y<8;y++) {
 156   2                      OLED_Write_Cmd(0xb0+y);
 157   2                      OLED_Write_Cmd(0x01);
 158   2                      OLED_Write_Cmd(0x10);
 159   2                      for(x=0;x<X_WIDTH;x++)
 160   2                              OLED_Write_Dat(fill_Data);
 161   2              }
 162   1      }
 163          
 164          /***********************************************
 165                  å‡½æ•°åç§°ï¼šOLED_CLS() 
 166                  åŠŸèƒ½ä»‹ç»ï¼šOLEDå¤ä½ å…¨å±æ¸…é™¤
 167                  å‡½æ•°å‚æ•°ï¼šæ— 
 168                  è¿”å›å€¼ï¼š    æ— 
 169           ***********************************************/
 170          void OLED_CLS(void) {
 171   1              OLED_Fill(0x00);
 172   1      }
 173          
C51 COMPILER V9.01   Z_OLED                                                                06/10/2020 17:14:45 PAGE 4   

 174          /***********************************************
 175                  å‡½æ•°åç§°ï¼šOLED_Init() 
 176                  åŠŸèƒ½ä»‹ç»ï¼šOLEDåˆå§‹åŒ–
 177                  å‡½æ•°å‚æ•°ï¼šæ— 
 178                  è¿”å›å€¼ï¼š    æ— 
 179           ***********************************************/
 180          void OLED_Init(void) {
 181   1              //P1M1=0x00;                               
 182   1              //P1M0=0x00;
 183   1              OLED_CLS();
 184   1              //mdelay(500);                                                  //åˆå§‹åŒ–ä¹‹å‰çš„å»¶æ—¶å¾ˆé‡è¦ï¼
 185   1              OLED_Write_Cmd(0xae);                           //å…³é—­oledé¢æ¿
 186   1              OLED_Write_Cmd(0x00);                           //è®¾ç½®ä½åˆ—åœ°å€
 187   1              OLED_Write_Cmd(0x10);                           //è®¾ç½®é«˜åˆ—åœ°å€
 188   1              OLED_Write_Cmd(0x40);                           //è®¾ç½®èµ·å§‹è¡Œåœ°å€  è®¾ç½®æ˜ å°„RAMæ˜¾ç¤ºèµ·å§‹è¡Œ(0x00~0x3F)
 189   1              OLED_Write_Cmd(0x81);                           //è®¾ç½®å¯¹æ¯”åº¦æ§åˆ¶å¯„å­˜å™¨
 190   1              OLED_Write_Cmd(Brightness); //è®¾ç½®SEGè¾“å‡ºç”µæµäº®åº¦
 191   1              OLED_Write_Cmd(0xa1);                           //è®¾ç½®SEG/åˆ—æ˜ å°„     0xa0å·¦å³åç½® 0xa1æ­£å¸¸
 192   1              OLED_Write_Cmd(0xc8);                           //è®¾ç½®COM/è¡Œæ‰«ææ–¹å‘   0xc0ä¸Šä¸‹åç½® 0xc8æ­£å¸¸
 193   1              OLED_Write_Cmd(0xa6);                           //è®¾ç½®æ­£å¸¸æ˜¾ç¤º
 194   1              OLED_Write_Cmd(0xa8);                           //è®¾ç½®å¤šè·¯å¤ç”¨æ¯”(1~64)
 195   1              OLED_Write_Cmd(0x3f);                           //1/64 duty
 196   1              OLED_Write_Cmd(0xd3);                           //è®¾ç½®æ˜¾ç¤ºåç§»ä½ç§»æ˜ å°„RAMè®¡æ•°å™¨(0x00~0x3F)
 197   1              OLED_Write_Cmd(0x00);                           //ä¸åç§»
 198   1              OLED_Write_Cmd(0xd5);                           //è®¾ç½®æ˜¾ç¤ºæ—¶é’Ÿåˆ†é¢‘æ¯”/æŒ¯è¡é¢‘ç‡
 199   1              OLED_Write_Cmd(0x80);                           //è®¾ç½®åˆ†é¢‘æ¯”ï¼Œè®¾ç½®æ—¶é’Ÿä¸º100å¸§/ç§’
 200   1              OLED_Write_Cmd(0xd9);                           //è®¾ç½®é¢„å……ç”µå‘¨æœŸ
 201   1              OLED_Write_Cmd(0xf1);                           //è®¾å®šé¢„å……ç”µä¸º15ä¸ªæ—¶é’Ÿï¼Œæ”¾ç”µä¸º1ä¸ªæ—¶é’Ÿ
 202   1              OLED_Write_Cmd(0xda);                           //è®¾ç½®comå¼•è„šç¡¬ä»¶é…ç½®
 203   1              OLED_Write_Cmd(0x12);
 204   1              OLED_Write_Cmd(0xdb);                           //è®¾ç½®VCOMé«˜
 205   1              OLED_Write_Cmd(0x40);                           //è®¾ç½®VCOMå–æ¶ˆé€‰æ‹©ç”µå¹³
 206   1              OLED_Write_Cmd(0x20);                           //è®¾ç½®é¡µé¢å¯»å€æ¨¡å¼(0x00/0x01/0x02)
 207   1              OLED_Write_Cmd(0x02);
 208   1              OLED_Write_Cmd(0x8d);                           //è®¾ç½®å……ç”µæ³µå¯ç”¨/ç¦ç”¨
 209   1              OLED_Write_Cmd(0x14);                           //è®¾ç½®(0x10)ç¦ç”¨
 210   1              OLED_Write_Cmd(0xa4);                           //ç¦ç”¨æ•´ä¸ªæ˜¾ç¤º(0xa4/0xa5)
 211   1              OLED_Write_Cmd(0xa6);                           //ç¦ç”¨åå‘æ˜¾ç¤º(0xa6/0xa7) 
 212   1              OLED_Write_Cmd(0xaf);                           //æ‰“å¼€oledé¢æ¿
 213   1              OLED_Fill(0x00);                                //åˆå§‹æ¸…å±
 214   1              OLED_Set_Pos(0,0);
 215   1              
 216   1              OLED_CLS();
 217   1      }
 218          
 219          /***********************************************
 220                  å‡½æ•°åç§°ï¼šOLED_P6x8Str(x,y,ch[]) 
 221                  åŠŸèƒ½ä»‹ç»ï¼šæ˜¾ç¤º6*8ä¸€ç»„æ ‡å‡†ASCIIå­—ç¬¦ä¸²
 222                  å‡½æ•°å‚æ•°ï¼šx èµ·å§‹ç‚¹æ¨ªåæ ‡(0~127) y èµ·å§‹ç‚¹çºµåæ ‡(0~7) ch[] è¦æ˜¾ç¤ºçš„å­—ç¬¦ä¸²
 223                  è¿”å›å€¼ï¼š    æ— 
 224           ***********************************************/
 225          void OLED_P6x8Str(unsigned char x,unsigned char y,unsigned char ch[]) {
 226   1              unsigned char c=0,i=0,j=0;
 227   1              while (ch[j]!='\0') {
 228   2                      c =ch[j]-32;
 229   2                      if(x>126) {
 230   3                              x=0;
 231   3                              y++;
 232   3                      }
 233   2                      OLED_Set_Pos(x,y);
 234   2                      for(i=0;i<6;i++)
 235   2                              OLED_Write_Dat(F6x8[c][i]);
C51 COMPILER V9.01   Z_OLED                                                                06/10/2020 17:14:45 PAGE 5   

 236   2                      x+=6;
 237   2                      j++;
 238   2              }
 239   1      }
 240          
 241          /***********************************************
 242                  å‡½æ•°åç§°ï¼šOLED_P8x16Str(x,y,ch[]) 
 243                  åŠŸèƒ½ä»‹ç»ï¼šæ˜¾ç¤º8*16ä¸€ç»„æ ‡å‡†ASCIIå­—ç¬¦ä¸²
 244                  å‡½æ•°å‚æ•°ï¼šx èµ·å§‹ç‚¹æ¨ªåæ ‡(0~127) y èµ·å§‹ç‚¹çºµåæ ‡(0~7) ch[] è¦æ˜¾ç¤ºçš„å­—ç¬¦ä¸²
 245                  è¿”å›å€¼ï¼š    æ— 
 246           ***********************************************/
 247          void OLED_P8x16Str(unsigned char x,unsigned char y,unsigned char ch[]) {
 248   1              unsigned char c=0,i=0,j=0;
 249   1              while (ch[j]!='\0') {
 250   2                      c =ch[j]-32;
 251   2                      if(x>120) {
 252   3                              x=0;
 253   3                              y++;
 254   3                      }
 255   2                      OLED_Set_Pos(x,y);
 256   2                      for(i=0;i<8;i++)
 257   2                              OLED_Write_Dat(F8X16[c*16+i]);
 258   2                      OLED_Set_Pos(x,y+1);
 259   2                      for(i=0;i<8;i++)
 260   2                              OLED_Write_Dat(F8X16[c*16+i+8]);
 261   2                      x+=8;
 262   2                      j++;
 263   2              }
 264   1      }
 265          
 266          /***********************************************
 267                  å‡½æ•°åç§°ï¼šOLED_ShowStr(x,y,ch[],TextSize) 
 268                  åŠŸèƒ½ä»‹ç»ï¼šæ˜¾ç¤ºcodetab.hä¸­çš„ASCIIå­—ç¬¦
 269                  å‡½æ•°å‚æ•°ï¼šx èµ·å§‹ç‚¹æ¨ªåæ ‡(0~127) y èµ·å§‹ç‚¹çºµåæ ‡(0~7) ch[] è¦æ˜¾ç¤ºçš„å­—ç¬¦ä¸² TextSize 
             -å­—ç¬¦å¤§å°(1:6*8 ; 2:8*16)
 270                  è¿”å›å€¼ï¼š    æ— 
 271           ***********************************************/
 272          void OLED_ShowStr(unsigned char x, unsigned char y, unsigned char ch[], unsigned char TextSize) {
 273   1              unsigned char c = 0,i = 0,j = 0;
 274   1              switch(TextSize) {
 275   2                      case 1: {
 276   3                              while (ch[j]!='\0') {
 277   4                                      c =ch[j]-32;
 278   4                                      if(x>126) {
 279   5                                              x=0;
 280   5                                              y++;
 281   5                                      }
 282   4                                      OLED_Set_Pos(x,y);
 283   4                                      for(i=0;i<6;i++)
 284   4                                              OLED_Write_Dat(F6x8[c][i]);
 285   4                                      x+=6;
 286   4                                      j++;
 287   4                              }
 288   3                      }       break;
 289   2                      case 2: {
 290   3                              while (ch[j]!='\0') {
 291   4                                      c =ch[j]-32;
 292   4                                      if(x>120) {
 293   5                                              x=0;
 294   5                                              y++;
 295   5                                      }
 296   4                                      OLED_Set_Pos(x,y);
C51 COMPILER V9.01   Z_OLED                                                                06/10/2020 17:14:45 PAGE 6   

 297   4                                      for(i=0;i<8;i++)
 298   4                                              OLED_Write_Dat(F8X16[c*16+i]);
 299   4                                      OLED_Set_Pos(x,y+1);
 300   4                                      for(i=0;i<8;i++)
 301   4                                              OLED_Write_Dat(F8X16[c*16+i+8]);
 302   4                                      x+=8;
 303   4                                      j++;
 304   4                              }
 305   3                      }       break;
 306   2              }
 307   1      }
 308          
 309          /***********************************************
 310                  å‡½æ•°åç§°ï¼šOLED_P16x16Ch(x,y,N) 
 311                  åŠŸèƒ½ä»‹ç»ï¼šæ˜¾ç¤º16*16ç‚¹é˜µ
 312                  å‡½æ•°å‚æ•°ï¼šx èµ·å§‹ç‚¹æ¨ªåæ ‡(0~127) y èµ·å§‹ç‚¹çºµåæ ‡(0~7) N æ˜¾ç¤ºä¸ªæ•°
 313                  è¿”å›å€¼ï¼š    æ— 
 314           ***********************************************/
 315          void OLED_P16x16Ch(unsigned char x,unsigned char y,unsigned char N) {
 316   1              unsigned char wm=0;
 317   1              unsigned int adder=32*N;
 318   1              OLED_Set_Pos(x , y);
 319   1              for(wm = 0;wm < 16;wm++) {
 320   2                      OLED_Write_Dat(F16x16[adder]);
 321   2                      adder += 1;
 322   2              }
 323   1              OLED_Set_Pos(x,y + 1);
 324   1              for(wm = 0;wm < 16;wm++) {
 325   2                      OLED_Write_Dat(F16x16[adder]);
 326   2                      adder += 1;
 327   2              }               
 328   1      }
 329          
 330          /***********************************************
 331                  å‡½æ•°åç§°ï¼šDraw_BMP(x0,y0,x1,y1,BMP[]) 
 332                  åŠŸèƒ½ä»‹ç»ï¼šæ˜¾ç¤ºæ˜¾ç¤ºBMPå›¾ç‰‡128Ã—64
 333                  å‡½æ•°å‚æ•°ï¼šx èµ·å§‹ç‚¹æ¨ªåæ ‡(0~127) y èµ·å§‹ç‚¹çºµåæ ‡(0~7) BMP[] è¦æ˜¾ç¤ºçš„å›¾ç‰‡
 334                  è¿”å›å€¼ï¼š    æ— 
 335           ***********************************************/
 336          void OLED_BMP(unsigned char x0,unsigned char y0,unsigned char x1,unsigned char y1,unsigned char BMP[]) {
 337   1              unsigned int j=0;
 338   1              unsigned char x,y;
 339   1      
 340   1        if(y1%8==0) y=y1/8;      
 341   1        else y=y1/8+1;
 342   1              for(y=y0;y<y1;y++) {
 343   2                      OLED_Set_Pos(x0,y);
 344   2          for(x=x0;x<x1;x++) {      
 345   3                              OLED_Write_Dat(BMP[j++]);
 346   3                      }
 347   2              }
 348   1      }
 349          
 350          /***********************************************
 351                  å‡½æ•°åç§°ï¼šOLED_TEST() 
 352                  åŠŸèƒ½ä»‹ç»ï¼šOLEDæµ‹è¯•ç¨‹åº
 353                  å‡½æ•°å‚æ•°ï¼šæ— 
 354                  è¿”å›å€¼ï¼š    æ— 
 355           ***********************************************/
 356          void OLED_TEST(void) {
 357   1              static u8 i;
 358   1      
C51 COMPILER V9.01   Z_OLED                                                                06/10/2020 17:14:45 PAGE 7   

 359   1              OLED_Fill(0xFF);
 360   1              mdelay(3000);
 361   1              
 362   1              OLED_Fill(0);
 363   1              mdelay(3000);
 364   1      
 365   1              for(i=0;i<4;i++) {
 366   2                      OLED_P16x16Ch(i*16,2,i);
 367   2              }
 368   1              mdelay(3000);
 369   1              
 370   1              OLED_CLS();
 371   1              OLED_P8x16Str(0,0,"ZLTech 2019");
 372   1              OLED_P8x16Str(0,2,"ZLTech 2019");
 373   1              OLED_ShowStr(0,4,"ZLTech 2019",2);
 374   1              OLED_ShowStr(0,6,"ZLTech 2019",1);
 375   1              OLED_P6x8Str (0,7,"ZLTech 2019");
 376   1              mdelay(3000);
 377   1              
 378   1              OLED_CLS();
 379   1              OLED_BMP(0,0,128,8,BMP1);
 380   1              mdelay(3000);
 381   1      }


MODULE INFORMATION:   STATIC OVERLAYABLE
   CODE SIZE        =   1583    ----
   CONSTANT SIZE    =   3236    ----
   XDATA SIZE       =      1      49
   PDATA SIZE       =   ----    ----
   DATA SIZE        =   ----    ----
   IDATA SIZE       =   ----    ----
   BIT SIZE         =   ----    ----
END OF MODULE INFORMATION.


C51 COMPILATION COMPLETE.  0 WARNING(S),  0 ERROR(S)
